Running FS for GLB with 10 normal clusters, linreg model, and test 1
Starting optimization of Some Function
--------------------------------------

Optimizing Some Function:
	Time Spent: 0.02s
	Generation: 0
	Best fitness: 100000
	Evaluations of fitness: 60
	Substrate probability:
		BLXalpha:  0.25
		Multipoint:0.25
		HS:        0.25
		Xor:       0.25

Optimizing Some Function:
	Time Spent: 1.1s
	Generation: 1
	Best fitness: 5.506916657862237
	Evaluations of fitness: 206
	Substrate probability:
		BLXalpha:  0.017026
		Multipoint:0.005384
		HS:        0.488795
		Xor:       0.488795

Optimizing Some Function:
	Time Spent: 3.08s
	Generation: 3
	Best fitness: 4.803208357336741
	Evaluations of fitness: 369
	Substrate probability:
		BLXalpha:  0.017026
		Multipoint:0.005384
		HS:        0.488795
		Xor:       0.488795

Optimizing Some Function:
	Time Spent: 4.21s
	Generation: 4
	Best fitness: 4.789658185663924
	Evaluations of fitness: 450
	Substrate probability:
		BLXalpha:  0.017026
		Multipoint:0.005384
		HS:        0.488795
		Xor:       0.488795

Optimizing Some Function:
	Time Spent: 5.36s
	Generation: 5
	Best fitness: 4.604508887134469
	Evaluations of fitness: 530
	Substrate probability:
		BLXalpha:  0.017026
		Multipoint:0.005384
		HS:        0.488795
		Xor:       0.488795

Optimizing Some Function:
	Time Spent: 6.61s
	Generation: 6
	Best fitness: 4.595795772258476
	Evaluations of fitness: 609
	Substrate probability:
		BLXalpha:  0.549512
		Multipoint:0.004904
		HS:        0.42785
		Xor:       0.017734

Optimizing Some Function:
	Time Spent: 8.08s
	Generation: 7
	Best fitness: 4.595795772258476
	Evaluations of fitness: 692
	Substrate probability:
		BLXalpha:  0.549512
		Multipoint:0.004904
		HS:        0.42785
		Xor:       0.017734

Optimizing Some Function:
	Time Spent: 9.69s
	Generation: 8
	Best fitness: 4.595795772258476
	Evaluations of fitness: 776
	Substrate probability:
		BLXalpha:  0.549512
		Multipoint:0.004904
		HS:        0.42785
		Xor:       0.017734

Optimizing Some Function:
	Time Spent: 11.4s
	Generation: 9
	Best fitness: 4.461426419577956
	Evaluations of fitness: 858
	Substrate probability:
		BLXalpha:  0.549512
		Multipoint:0.004904
		HS:        0.42785
		Xor:       0.017734

Optimizing Some Function:
	Time Spent: 13.11s
	Generation: 10
	Best fitness: 4.429823965600425
	Evaluations of fitness: 937
	Substrate probability:
		BLXalpha:  0.549512
		Multipoint:0.004904
		HS:        0.42785
		Xor:       0.017734

Optimizing Some Function:
	Time Spent: 15.05s
	Generation: 11
	Best fitness: 4.340470773344069
	Evaluations of fitness: 1022
	Substrate probability:
		BLXalpha:  0.549512
		Multipoint:0.004904
		HS:        0.42785
		Xor:       0.017734

Optimizing Some Function:
	Time Spent: 17.01s
	Generation: 12
	Best fitness: 4.340470773344069
	Evaluations of fitness: 1104
	Substrate probability:
		BLXalpha:  0.008428
		Multipoint:0.493335
		HS:        0.004902
		Xor:       0.493335

Optimizing Some Function:
	Time Spent: 19.01s
	Generation: 13
	Best fitness: 4.2615080198183355
	Evaluations of fitness: 1186
	Substrate probability:
		BLXalpha:  0.008428
		Multipoint:0.493335
		HS:        0.004902
		Xor:       0.493335

Optimizing Some Function:
	Time Spent: 21.11s
	Generation: 14
	Best fitness: 4.2615080198183355
	Evaluations of fitness: 1266
	Substrate probability:
		BLXalpha:  0.008428
		Multipoint:0.493335
		HS:        0.004902
		Xor:       0.493335

Optimizing Some Function:
	Time Spent: 23.3s
	Generation: 15
	Best fitness: 4.2615080198183355
	Evaluations of fitness: 1349
	Substrate probability:
		BLXalpha:  0.008428
		Multipoint:0.493335
		HS:        0.004902
		Xor:       0.493335

Optimizing Some Function:
	Time Spent: 25.55s
	Generation: 16
	Best fitness: 4.2615080198183355
	Evaluations of fitness: 1432
	Substrate probability:
		BLXalpha:  0.008428
		Multipoint:0.493335
		HS:        0.004902
		Xor:       0.493335

Optimizing Some Function:
	Time Spent: 27.98s
	Generation: 17
	Best fitness: 4.2615080198183355
	Evaluations of fitness: 1517
	Substrate probability:
		BLXalpha:  0.008428
		Multipoint:0.493335
		HS:        0.004902
		Xor:       0.493335

Optimizing Some Function:
	Time Spent: 30.47s
	Generation: 18
	Best fitness: 4.2615080198183355
	Evaluations of fitness: 1601
	Substrate probability:
		BLXalpha:  0.985292
		Multipoint:0.004903
		HS:        0.004902
		Xor:       0.004903

Optimizing Some Function:
	Time Spent: 32.85s
	Generation: 19
	Best fitness: 4.2615080198183355
	Evaluations of fitness: 1681
	Substrate probability:
		BLXalpha:  0.985292
		Multipoint:0.004903
		HS:        0.004902
		Xor:       0.004903

Optimizing Some Function:
	Time Spent: 35.39s
	Generation: 20
	Best fitness: 4.2615080198183355
	Evaluations of fitness: 1763
	Substrate probability:
		BLXalpha:  0.985292
		Multipoint:0.004903
		HS:        0.004902
		Xor:       0.004903

Optimizing Some Function:
	Time Spent: 37.91s
	Generation: 21
	Best fitness: 4.2548877323587195
	Evaluations of fitness: 1845
	Substrate probability:
		BLXalpha:  0.985292
		Multipoint:0.004903
		HS:        0.004902
		Xor:       0.004903

Optimizing Some Function:
	Time Spent: 40.49s
	Generation: 22
	Best fitness: 4.2548877323587195
	Evaluations of fitness: 1925
	Substrate probability:
		BLXalpha:  0.985292
		Multipoint:0.004903
		HS:        0.004902
		Xor:       0.004903

Optimizing Some Function:
	Time Spent: 43.12s
	Generation: 23
	Best fitness: 4.2548877323587195
	Evaluations of fitness: 2004
	Substrate probability:
		BLXalpha:  0.985292
		Multipoint:0.004903
		HS:        0.004902
		Xor:       0.004903

Optimizing Some Function:
	Time Spent: 45.97s
	Generation: 24
	Best fitness: 4.176036873810676
	Evaluations of fitness: 2087
	Substrate probability:
		BLXalpha:  0.004907
		Multipoint:0.004902
		HS:        0.495096
		Xor:       0.495096

Optimizing Some Function:
	Time Spent: 48.87s
	Generation: 25
	Best fitness: 4.176036873810676
	Evaluations of fitness: 2169
	Substrate probability:
		BLXalpha:  0.004907
		Multipoint:0.004902
		HS:        0.495096
		Xor:       0.495096

Optimizing Some Function:
	Time Spent: 52.03s
	Generation: 26
	Best fitness: 4.176036873810676
	Evaluations of fitness: 2254
	Substrate probability:
		BLXalpha:  0.004907
		Multipoint:0.004902
		HS:        0.495096
		Xor:       0.495096

Optimizing Some Function:
	Time Spent: 55.17s
	Generation: 27
	Best fitness: 4.176036873810676
	Evaluations of fitness: 2338
	Substrate probability:
		BLXalpha:  0.004907
		Multipoint:0.004902
		HS:        0.495096
		Xor:       0.495096

Optimizing Some Function:
	Time Spent: 58.61s
	Generation: 28
	Best fitness: 4.176036873810676
	Evaluations of fitness: 2421
	Substrate probability:
		BLXalpha:  0.004907
		Multipoint:0.004902
		HS:        0.495096
		Xor:       0.495096

Optimizing Some Function:
	Time Spent: 62.02s
	Generation: 29
	Best fitness: 4.176036873810676
	Evaluations of fitness: 2504
	Substrate probability:
		BLXalpha:  0.004907
		Multipoint:0.004902
		HS:        0.495096
		Xor:       0.495096

Optimizing Some Function:
	Time Spent: 65.51s
	Generation: 30
	Best fitness: 4.176036873810676
	Evaluations of fitness: 2588
	Substrate probability:
		BLXalpha:  0.495098
		Multipoint:0.495098
		HS:        0.004902
		Xor:       0.004902

Optimizing Some Function:
	Time Spent: 69.01s
	Generation: 31
	Best fitness: 4.176036873810676
	Evaluations of fitness: 2668
	Substrate probability:
		BLXalpha:  0.495098
		Multipoint:0.495098
		HS:        0.004902
		Xor:       0.004902

Optimizing Some Function:
	Time Spent: 72.77s
	Generation: 32
	Best fitness: 4.176036873810676
	Evaluations of fitness: 2746
	Substrate probability:
		BLXalpha:  0.495098
		Multipoint:0.495098
		HS:        0.004902
		Xor:       0.004902

Optimizing Some Function:
	Time Spent: 76.86s
	Generation: 33
	Best fitness: 4.15427322852531
	Evaluations of fitness: 2830
	Substrate probability:
		BLXalpha:  0.495098
		Multipoint:0.495098
		HS:        0.004902
		Xor:       0.004902

Optimizing Some Function:
	Time Spent: 81.07s
	Generation: 34
	Best fitness: 4.15427322852531
	Evaluations of fitness: 2913
	Substrate probability:
		BLXalpha:  0.495098
		Multipoint:0.495098
		HS:        0.004902
		Xor:       0.004902

Optimizing Some Function:
	Time Spent: 85.04s
	Generation: 35
	Best fitness: 4.124466983121001
	Evaluations of fitness: 2992
	Substrate probability:
		BLXalpha:  0.495098
		Multipoint:0.495098
		HS:        0.004902
		Xor:       0.004902

Optimizing Some Function:
	Time Spent: 89.01s
	Generation: 36
	Best fitness: 4.124466983121001
	Evaluations of fitness: 3068
	Substrate probability:
		BLXalpha:  0.495098
		Multipoint:0.495098
		HS:        0.004902
		Xor:       0.004902

Optimizing Some Function:
	Time Spent: 93.17s
	Generation: 37
	Best fitness: 4.124466983121001
	Evaluations of fitness: 3148
	Substrate probability:
		BLXalpha:  0.984982
		Multipoint:0.005214
		HS:        0.004902
		Xor:       0.004902

Optimizing Some Function:
	Time Spent: 98.02s
	Generation: 38
	Best fitness: 4.124466983121001
	Evaluations of fitness: 3234
	Substrate probability:
		BLXalpha:  0.984982
		Multipoint:0.005214
		HS:        0.004902
		Xor:       0.004902

Optimizing Some Function:
	Time Spent: 102.37s
	Generation: 39
	Best fitness: 4.124466983121001
	Evaluations of fitness: 3316
	Substrate probability:
		BLXalpha:  0.984982
		Multipoint:0.005214
		HS:        0.004902
		Xor:       0.004902

Optimizing Some Function:
	Time Spent: 106.78s
	Generation: 40
	Best fitness: 4.124466983121001
	Evaluations of fitness: 3398
	Substrate probability:
		BLXalpha:  0.984982
		Multipoint:0.005214
		HS:        0.004902
		Xor:       0.004902

Optimizing Some Function:
	Time Spent: 111.63s
	Generation: 41
	Best fitness: 4.124466983121001
	Evaluations of fitness: 3483
	Substrate probability:
		BLXalpha:  0.984982
		Multipoint:0.005214
		HS:        0.004902
		Xor:       0.004902

Optimizing Some Function:
	Time Spent: 116.2s
	Generation: 42
	Best fitness: 4.124466983121001
	Evaluations of fitness: 3566
	Substrate probability:
		BLXalpha:  0.984982
		Multipoint:0.005214
		HS:        0.004902
		Xor:       0.004902

Optimizing Some Function:
	Time Spent: 120.66s
	Generation: 43
	Best fitness: 4.124466983121001
	Evaluations of fitness: 3645
	Substrate probability:
		BLXalpha:  0.983019
		Multipoint:0.00604
		HS:        0.00604
		Xor:       0.004902

Optimizing Some Function:
	Time Spent: 125.31s
	Generation: 44
	Best fitness: 4.124466983121001
	Evaluations of fitness: 3730
	Substrate probability:
		BLXalpha:  0.983019
		Multipoint:0.00604
		HS:        0.00604
		Xor:       0.004902

Optimizing Some Function:
	Time Spent: 130.07s
	Generation: 45
	Best fitness: 4.124466983121001
	Evaluations of fitness: 3814
	Substrate probability:
		BLXalpha:  0.983019
		Multipoint:0.00604
		HS:        0.00604
		Xor:       0.004902

Optimizing Some Function:
	Time Spent: 134.78s
	Generation: 46
	Best fitness: 4.124466983121001
	Evaluations of fitness: 3894
	Substrate probability:
		BLXalpha:  0.983019
		Multipoint:0.00604
		HS:        0.00604
		Xor:       0.004902

Optimizing Some Function:
	Time Spent: 139.69s
	Generation: 47
	Best fitness: 4.124466983121001
	Evaluations of fitness: 3976
	Substrate probability:
		BLXalpha:  0.983019
		Multipoint:0.00604
		HS:        0.00604
		Xor:       0.004902

Optimizing Some Function:
	Time Spent: 145.15s
	Generation: 48
	Best fitness: 4.124466983121001
	Evaluations of fitness: 4060
	Substrate probability:
		BLXalpha:  0.983019
		Multipoint:0.00604
		HS:        0.00604
		Xor:       0.004902

Optimizing Some Function:
	Time Spent: 150.26s
	Generation: 49
	Best fitness: 4.124466983121001
	Evaluations of fitness: 4140
	Substrate probability:
		BLXalpha:  0.004902
		Multipoint:0.004902
		HS:        0.004902
		Xor:       0.985294

Optimizing Some Function:
	Time Spent: 155.51s
	Generation: 50
	Best fitness: 4.121858300054404
	Evaluations of fitness: 4221
	Substrate probability:
		BLXalpha:  0.004902
		Multipoint:0.004902
		HS:        0.004902
		Xor:       0.985294

Optimizing Some Function:
	Time Spent: 160.84s
	Generation: 51
	Best fitness: 4.121858300054404
	Evaluations of fitness: 4303
	Substrate probability:
		BLXalpha:  0.004902
		Multipoint:0.004902
		HS:        0.004902
		Xor:       0.985294

Optimizing Some Function:
	Time Spent: 166.41s
	Generation: 52
	Best fitness: 4.121858300054404
	Evaluations of fitness: 4387
	Substrate probability:
		BLXalpha:  0.004902
		Multipoint:0.004902
		HS:        0.004902
		Xor:       0.985294

Optimizing Some Function:
	Time Spent: 171.73s
	Generation: 53
	Best fitness: 4.121858300054404
	Evaluations of fitness: 4467
	Substrate probability:
		BLXalpha:  0.004902
		Multipoint:0.004902
		HS:        0.004902
		Xor:       0.985294

Optimizing Some Function:
	Time Spent: 177.11s
	Generation: 54
	Best fitness: 4.121858300054404
	Evaluations of fitness: 4547
	Substrate probability:
		BLXalpha:  0.004902
		Multipoint:0.004902
		HS:        0.004902
		Xor:       0.985294

Optimizing Some Function:
	Time Spent: 182.64s
	Generation: 55
	Best fitness: 4.121858300054404
	Evaluations of fitness: 4630
	Substrate probability:
		BLXalpha:  0.985294
		Multipoint:0.004902
		HS:        0.004902
		Xor:       0.004902

Optimizing Some Function:
	Time Spent: 188.46s
	Generation: 56
	Best fitness: 4.121858300054404
	Evaluations of fitness: 4715
	Substrate probability:
		BLXalpha:  0.985294
		Multipoint:0.004902
		HS:        0.004902
		Xor:       0.004902

Optimizing Some Function:
	Time Spent: 194.22s
	Generation: 57
	Best fitness: 4.121858300054404
	Evaluations of fitness: 4797
	Substrate probability:
		BLXalpha:  0.985294
		Multipoint:0.004902
		HS:        0.004902
		Xor:       0.004902

Optimizing Some Function:
	Time Spent: 200.43s
	Generation: 58
	Best fitness: 4.121858300054404
	Evaluations of fitness: 4883
	Substrate probability:
		BLXalpha:  0.985294
		Multipoint:0.004902
		HS:        0.004902
		Xor:       0.004902

Optimizing Some Function:
	Time Spent: 206.55s
	Generation: 59
	Best fitness: 4.121858300054404
	Evaluations of fitness: 4966
	Substrate probability:
		BLXalpha:  0.985294
		Multipoint:0.004902
		HS:        0.004902
		Xor:       0.004902

Optimizing Some Function:
	Time Spent: 212.82s
	Generation: 60
	Best fitness: 4.121858300054404
	Evaluations of fitness: 5050
	Substrate probability:
		BLXalpha:  0.985294
		Multipoint:0.004902
		HS:        0.004902
		Xor:       0.004902

Running FS for GLB with 10 anomaly clusters, linreg model, and test 1
